START-OF-FILE
RUNDATE=20150528
PROGRAMFLAG=oneshot
REPLYFILENAME=gethist_c78506bb4.out
FIRMNAME=dl12345
PROGRAMNAME=gethistory
DATERANGE=20150501|20150505
COMPRESS=yes

START-OF-FIELDS
PX_OPEN
PX_HIGH
PX_LOW
PX_LAST
END-OF-FIELDS

TIMESTARTED=Thu May 28 19:55:53 BST 2015
START-OF-DATA
START SECURITY|SPX Index|PX_OPEN|
SPX Index|05/01/2015|2087.38|
SPX Index|05/04/2015|2110.23|
SPX Index|05/05/2015|2112.63|
END SECURITY|SPX Index|PX_OPEN|0|
START SECURITY|SPX Index|PX_HIGH|
SPX Index|05/01/2015|2108.41|
SPX Index|05/04/2015|2120.95|
SPX Index|05/05/2015|2115.24|
END SECURITY|SPX Index|PX_HIGH|0|
START SECURITY|SPX Index|PX_LOW|
SPX Index|05/01/2015|2087.38|
SPX Index|05/04/2015|2110.23|
SPX Index|05/05/2015|2088.46|
END SECURITY|SPX Index|PX_LOW|0|
START SECURITY|SPX Index|PX_LAST|
SPX Index|05/01/2015|2108.29|
SPX Index|05/04/2015|2114.49|
SPX Index|05/05/2015|2089.46|
END SECURITY|SPX Index|PX_LAST|0|
START SECURITY|SMI Index|PX_OPEN|
SMI Index|05/04/2015|9112.04|
SMI Index|05/05/2015|9098.66|
END SECURITY|SMI Index|PX_OPEN|0|
START SECURITY|SMI Index|PX_HIGH|
SMI Index|05/04/2015|9144.87|
SMI Index|05/05/2015|9203.59|
END SECURITY|SMI Index|PX_HIGH|0|
START SECURITY|SMI Index|PX_LOW|
SMI Index|05/04/2015|9076.5|
SMI Index|05/05/2015|9024.38|
END SECURITY|SMI Index|PX_LOW|0|
START SECURITY|SMI Index|PX_LAST|
SMI Index|05/04/2015|9095.82|
SMI Index|05/05/2015|9024.38|
END SECURITY|SMI Index|PX_LAST|0|
END-OF-DATA
TIMEFINISHED=Thu May 28 19:55:54 BST 2015
END-OF-FILE
