START-OF-FILE
RUNDATE=20150605
PROGRAMFLAG=oneshot
REPLYFILENAME=gethist_285877995765.out
FIRMNAME=dl1234
PROGRAMNAME=gethistory
DATERANGE=20150501|20150508
COMPRESS=yes

START-OF-FIELDS
PX_OPEN
PX_HIGH
PX_LOW
END-OF-FIELDS

TIMESTARTED=Fri Jun  07 14:29:39 BST 2015
START-OF-DATA
START SECURITY|SPX Index|PX_OPEN|
SPX Index|05/01/2015|2087.38|
SPX Index|05/04/2015|2110.23|
SPX Index|05/05/2015|2112.63|
SPX Index|05/06/2015|2091.26|
SPX Index|05/07/2015|2079.96|
SPX Index|05/08/2015|2092.13|
END SECURITY|SPX Index|PX_OPEN|0|
START SECURITY|SPX Index|PX_HIGH|
SPX Index|05/01/2015|2108.41|
SPX Index|05/04/2015|2120.95|
SPX Index|05/05/2015|2115.24|
SPX Index|05/06/2015|2098.42|
SPX Index|05/07/2015|2092.9|
SPX Index|05/08/2015|2117.66|
END SECURITY|SPX Index|PX_HIGH|0|
START SECURITY|SPX Index|PX_LOW|
SPX Index|05/01/2015|2087.38|
SPX Index|05/04/2015|2110.23|
SPX Index|05/05/2015|2088.46|
SPX Index|05/06/2015|2067.93|
SPX Index|05/07/2015|2074.99|
SPX Index|05/08/2015|2092.13|
END SECURITY|SPX Index|PX_LOW|0|
START SECURITY|SMI Index|PX_OPEN|
SMI Index|05/04/2015|9112.04|
SMI Index|05/05/2015|9098.66|
SMI Index|05/06/2015|8993.83|
SMI Index|05/07/2015|8839.37|
SMI Index|05/08/2015|8994.97|
END SECURITY|SMI Index|PX_OPEN|0|
START SECURITY|SMI Index|PX_HIGH|
SMI Index|05/04/2015|9144.87|
SMI Index|05/05/2015|9203.59|
SMI Index|05/06/2015|8998.61|
SMI Index|05/07/2015|8901.26|
SMI Index|05/08/2015|9110.69|
END SECURITY|SMI Index|PX_HIGH|0|
START SECURITY|SMI Index|PX_LOW|
SMI Index|05/04/2015|9076.5|
SMI Index|05/05/2015|9024.38|
SMI Index|05/06/2015|8859.34|
SMI Index|05/07/2015|8729|
SMI Index|05/08/2015|8941.39|
END SECURITY|SMI Index|PX_LOW|0|
START SECURITY|IBM US Equity|PX_OPEN|
IBM US Equity|05/01/2015|173.2|
IBM US Equity|05/04/2015|174.47|
IBM US Equity|05/05/2015|173.51|
IBM US Equity|05/06/2015|172.9|
IBM US Equity|05/07/2015|169.63|
IBM US Equity|05/08/2015|172.94|
END SECURITY|IBM US Equity|PX_OPEN|0|
START SECURITY|IBM US Equity|PX_HIGH|
IBM US Equity|05/01/2015|174|
IBM US Equity|05/04/2015|176.3|
IBM US Equity|05/05/2015|174.23|
IBM US Equity|05/06/2015|174.05|
IBM US Equity|05/07/2015|171.98|
IBM US Equity|05/08/2015|173.33|
END SECURITY|IBM US Equity|PX_HIGH|0|
START SECURITY|IBM US Equity|PX_LOW|
IBM US Equity|05/01/2015|172.42|
IBM US Equity|05/04/2015|173.7|
IBM US Equity|05/05/2015|171.96|
IBM US Equity|05/06/2015|168.86|
IBM US Equity|05/07/2015|169.04|
IBM US Equity|05/08/2015|172.24|
END SECURITY|IBM US Equity|PX_LOW|0|
START SECURITY|120421Q FP Equity|PX_OPEN|
END SECURITY|120421Q FP Equity|PX_OPEN|0|
START SECURITY|120421Q FP Equity|PX_HIGH|
END SECURITY|120421Q FP Equity|PX_HIGH|0|
START SECURITY|120421Q FP Equity|PX_LOW|
END SECURITY|120421Q FP Equity|PX_LOW|0|
END-OF-DATA
TIMESTARTED=Fri Jun  07 14:29:59 BST 2015
END-OF-FILE
