START-OF-FILE
RUNDATE=20150825
PROGRAMFLAG=oneshot
REPLYFILENAME=gethist_25d42fef5114.out
FIRMNAME=dl787220
PROGRAMNAME=gethistory
DATERANGE=20150801|20150821
COMPRESS=yes

START-OF-FIELDS
PX_OPEN
PX_LAST
END-OF-FIELDS

TIMESTARTED=Tue Aug 25 21:14:17 BST 2015
START-OF-DATA
START SECURITY|GX1 A_00_0_R Index|PX_OPEN|
END SECURITY|GX1 A_00_0_R Index|PX_OPEN|10|
START SECURITY|GX1 A_00_0_R Index|PX_LAST|
END SECURITY|GX1 A_00_0_R Index|PX_LAST|10|
START SECURITY|VG1 A:00_0_R Index|PX_OPEN|
VG1 A:00_0_R Index|08/03/2015|3591|
VG1 A:00_0_R Index|08/04/2015|3627|
VG1 A:00_0_R Index|08/05/2015|3626|
VG1 A:00_0_R Index|08/06/2015|3664|
VG1 A:00_0_R Index|08/07/2015|3668|
VG1 A:00_0_R Index|08/10/2015|3657|
VG1 A:00_0_R Index|08/11/2015|3663|
VG1 A:00_0_R Index|08/12/2015|3585|
VG1 A:00_0_R Index|08/13/2015|3541|
VG1 A:00_0_R Index|08/14/2015|3506|
VG1 A:00_0_R Index|08/17/2015|3511|
VG1 A:00_0_R Index|08/18/2015|3507|
VG1 A:00_0_R Index|08/19/2015|3475|
VG1 A:00_0_R Index|08/20/2015|3425|
VG1 A:00_0_R Index|08/21/2015|3276|
END SECURITY|VG1 A:00_0_R Index|PX_OPEN|0|
START SECURITY|VG1 A:00_0_R Index|PX_LAST|
VG1 A:00_0_R Index|08/03/2015|3634|
VG1 A:00_0_R Index|08/04/2015|3618|
VG1 A:00_0_R Index|08/05/2015|3680|
VG1 A:00_0_R Index|08/06/2015|3669|
VG1 A:00_0_R Index|08/07/2015|3640|
VG1 A:00_0_R Index|08/10/2015|3675|
VG1 A:00_0_R Index|08/11/2015|3604|
VG1 A:00_0_R Index|08/12/2015|3492|
VG1 A:00_0_R Index|08/13/2015|3513|
VG1 A:00_0_R Index|08/14/2015|3495|
VG1 A:00_0_R Index|08/17/2015|3503|
VG1 A:00_0_R Index|08/18/2015|3497|
VG1 A:00_0_R Index|08/19/2015|3433|
VG1 A:00_0_R Index|08/20/2015|3356|
VG1 A:00_0_R Index|08/21/2015|3256|
END SECURITY|VG1 A:00_0_R Index|PX_LAST|0|
END-OF-DATA
TIMEFINISHED=Tue Aug 25 21:14:18 BST 2015
END-OF-FILE
