START-OF-FILE
RUNDATE=20150825
PROGRAMFLAG=oneshot
REPLYFILENAME=gethist_11b2590d6bbb.out
FIRMNAME=dl787220
PROGRAMNAME=gethistory
DATERANGE=20150801|20150821
COMPRESS=yes

START-OF-FIELDS
PX_OPEN
PX_LAST
END-OF-FIELDS

TIMESTARTED=Tue Aug 25 20:03:15 BST 2015
START-OF-DATA
START SECURITY|GX1 A:00_0_R Index|PX_OPEN|
GX1 A:00_0_R Index|08/03/2015|11290|
GX1 A:00_0_R Index|08/04/2015|11426|
GX1 A:00_0_R Index|08/05/2015|11480|
GX1 A:00_0_R Index|08/06/2015|11607.5|
GX1 A:00_0_R Index|08/07/2015|11587.5|
GX1 A:00_0_R Index|08/10/2015|11544|
GX1 A:00_0_R Index|08/11/2015|11563|
GX1 A:00_0_R Index|08/12/2015|11200|
GX1 A:00_0_R Index|08/13/2015|11080|
GX1 A:00_0_R Index|08/14/2015|10983|
GX1 A:00_0_R Index|08/17/2015|11031|
GX1 A:00_0_R Index|08/18/2015|10973.5|
GX1 A:00_0_R Index|08/19/2015|10847|
GX1 A:00_0_R Index|08/20/2015|10658|
GX1 A:00_0_R Index|08/21/2015|10153|
END SECURITY|GX1 A:00_0_R Index|PX_OPEN|0|
START SECURITY|GX1 A:00_0_R Index|PX_LAST|
GX1 A:00_0_R Index|08/03/2015|11439|
GX1 A:00_0_R Index|08/04/2015|11460.5|
GX1 A:00_0_R Index|08/05/2015|11650|
GX1 A:00_0_R Index|08/06/2015|11589.5|
GX1 A:00_0_R Index|08/07/2015|11494.5|
GX1 A:00_0_R Index|08/10/2015|11600|
GX1 A:00_0_R Index|08/11/2015|11288|
GX1 A:00_0_R Index|08/12/2015|10946|
GX1 A:00_0_R Index|08/13/2015|11002|
GX1 A:00_0_R Index|08/14/2015|10992|
GX1 A:00_0_R Index|08/17/2015|10951|
GX1 A:00_0_R Index|08/18/2015|10916.5|
GX1 A:00_0_R Index|08/19/2015|10686|
GX1 A:00_0_R Index|08/20/2015|10430|
GX1 A:00_0_R Index|08/21/2015|10152|
END SECURITY|GX1 A:00_0_R Index|PX_LAST|0|
START SECURITY|VG1 A:00_0_R Index|PX_OPEN|
VG1 A:00_0_R Index|08/03/2015|3591|
VG1 A:00_0_R Index|08/04/2015|3627|
VG1 A:00_0_R Index|08/05/2015|3626|
VG1 A:00_0_R Index|08/06/2015|3664|
VG1 A:00_0_R Index|08/07/2015|3668|
VG1 A:00_0_R Index|08/10/2015|3657|
VG1 A:00_0_R Index|08/11/2015|3663|
VG1 A:00_0_R Index|08/12/2015|3585|
VG1 A:00_0_R Index|08/13/2015|3541|
VG1 A:00_0_R Index|08/14/2015|3506|
VG1 A:00_0_R Index|08/17/2015|3511|
VG1 A:00_0_R Index|08/18/2015|3507|
VG1 A:00_0_R Index|08/19/2015|3475|
VG1 A:00_0_R Index|08/20/2015|3425|
VG1 A:00_0_R Index|08/21/2015|3276|
END SECURITY|VG1 A:00_0_R Index|PX_OPEN|0|
START SECURITY|VG1 A:00_0_R Index|PX_LAST|
VG1 A:00_0_R Index|08/03/2015|3634|
VG1 A:00_0_R Index|08/04/2015|3618|
VG1 A:00_0_R Index|08/05/2015|3680|
VG1 A:00_0_R Index|08/06/2015|3669|
VG1 A:00_0_R Index|08/07/2015|3640|
VG1 A:00_0_R Index|08/10/2015|3675|
VG1 A:00_0_R Index|08/11/2015|3604|
VG1 A:00_0_R Index|08/12/2015|3492|
VG1 A:00_0_R Index|08/13/2015|3513|
VG1 A:00_0_R Index|08/14/2015|3495|
VG1 A:00_0_R Index|08/17/2015|3503|
VG1 A:00_0_R Index|08/18/2015|3497|
VG1 A:00_0_R Index|08/19/2015|3433|
VG1 A:00_0_R Index|08/20/2015|3356|
VG1 A:00_0_R Index|08/21/2015|3256|
END SECURITY|VG1 A:00_0_R Index|PX_LAST|0|
END-OF-DATA
TIMEFINISHED=Tue Aug 25 20:03:16 BST 2015
END-OF-FILE
